<?xml version="1.0" encoding="UTF-8"?>
<testng-results ignored="0" total="1" passed="1" failed="0" skipped="0">
  <reporter-output>
  </reporter-output>
  <suite started-at="2023-07-11T16:04:53 IST" name="Default suite" finished-at="2023-07-11T16:05:24 IST" duration-ms="30657">
    <groups>
    </groups>
    <test started-at="2023-07-11T16:04:53 IST" name="Default test" finished-at="2023-07-11T16:05:24 IST" duration-ms="30657">
      <class name="seleniumcamp.Learningseleniumcamp.S09_23_Create_Individuals_without_mandatory_fields">
        <test-method is-config="true" signature="browserinvoke()[pri:0, instance:seleniumcamp.Learningseleniumcamp.S09_23_Create_Individuals_without_mandatory_fields@1573f9fc]" started-at="2023-07-11T16:04:53 IST" name="browserinvoke" finished-at="2023-07-11T16:05:05 IST" duration-ms="11570" status="PASS">
          <reporter-output>
          </reporter-output>
        </test-method> <!-- browserinvoke -->
        <test-method signature="individuals()[pri:0, instance:seleniumcamp.Learningseleniumcamp.S09_23_Create_Individuals_without_mandatory_fields@1573f9fc]" started-at="2023-07-11T16:05:05 IST" name="individuals" finished-at="2023-07-11T16:05:24 IST" duration-ms="19034" status="PASS">
          <reporter-output>
          </reporter-output>
        </test-method> <!-- individuals -->
      </class> <!-- seleniumcamp.Learningseleniumcamp.S09_23_Create_Individuals_without_mandatory_fields -->
    </test> <!-- Default test -->
  </suite> <!-- Default suite -->
</testng-results>
