<?xml version="1.0" encoding="UTF-8"?>
<testng-results skipped="0" failed="0" ignored="0" total="1" passed="1">
  <reporter-output>
  </reporter-output>
  <suite name="Default suite" duration-ms="22716" started-at="2023-06-25T05:54:54Z" finished-at="2023-06-25T05:55:16Z">
    <groups>
    </groups>
    <test name="Default test" duration-ms="22716" started-at="2023-06-25T05:54:54Z" finished-at="2023-06-25T05:55:16Z">
      <class name="seleniumcamp.Learningseleniumbcamp.CreateOpportunitywithoutmandatoryfields">
        <test-method status="PASS" signature="createOpportunity()[pri:0, instance:seleniumcamp.Learningseleniumbcamp.CreateOpportunitywithoutmandatoryfields@5f2108b5]" name="createOpportunity" duration-ms="22698" started-at="2023-06-25T11:24:54Z" finished-at="2023-06-25T11:25:16Z">
          <reporter-output>
          </reporter-output>
        </test-method> <!-- createOpportunity -->
      </class> <!-- seleniumcamp.Learningseleniumbcamp.CreateOpportunitywithoutmandatoryfields -->
    </test> <!-- Default test -->
  </suite> <!-- Default suite -->
</testng-results>
